<?xml version="1.0" encoding="UTF-8" ?>
<testsuite tests="5" failures="1" name="Runer.RunTest" time="1.21" errors="1" skipped="0">
  <properties>
    <property name="java.runtime.name" value="Java(TM) SE Runtime Environment"/>
    <property name="sun.boot.library.path" value="/Library/Java/JavaVirtualMachines/jdk1.8.0_191.jdk/Contents/Home/jre/lib"/>
    <property name="java.vm.version" value="25.191-b12"/>
    <property name="gopherProxySet" value="false"/>
    <property name="java.vm.vendor" value="Oracle Corporation"/>
    <property name="maven.multiModuleProjectDirectory" value="/Users/villiburduza/Study/Projects/TryCucumber"/>
    <property name="java.vendor.url" value="http://java.oracle.com/"/>
    <property name="path.separator" value=":"/>
    <property name="guice.disable.misplaced.annotation.check" value="true"/>
    <property name="java.vm.name" value="Java HotSpot(TM) 64-Bit Server VM"/>
    <property name="file.encoding.pkg" value="sun.io"/>
    <property name="user.country" value="UA"/>
    <property name="sun.java.launcher" value="SUN_STANDARD"/>
    <property name="sun.os.patch.level" value="unknown"/>
    <property name="java.vm.specification.name" value="Java Virtual Machine Specification"/>
    <property name="user.dir" value="/Users/villiburduza/Study/Projects/TryCucumber"/>
    <property name="java.runtime.version" value="1.8.0_191-b12"/>
    <property name="java.awt.graphicsenv" value="sun.awt.CGraphicsEnvironment"/>
    <property name="java.endorsed.dirs" value="/Library/Java/JavaVirtualMachines/jdk1.8.0_191.jdk/Contents/Home/jre/lib/endorsed"/>
    <property name="os.arch" value="x86_64"/>
    <property name="java.io.tmpdir" value="/var/folders/3x/xpcfwdl92hb6r_xlscr_lvv00000gp/T/"/>
    <property name="line.separator" value="
"/>
    <property name="java.vm.specification.vendor" value="Oracle Corporation"/>
    <property name="os.name" value="Mac OS X"/>
    <property name="classworlds.conf" value="/usr/local/Cellar/maven/3.6.0/libexec/bin/m2.conf"/>
    <property name="sun.jnu.encoding" value="UTF-8"/>
    <property name="java.library.path" value="/Users/villiburduza/Library/Java/Extensions:/Library/Java/Extensions:/Network/Library/Java/Extensions:/System/Library/Java/Extensions:/usr/lib/java:."/>
    <property name="maven.conf" value="/usr/local/Cellar/maven/3.6.0/libexec/conf"/>
    <property name="java.specification.name" value="Java Platform API Specification"/>
    <property name="java.class.version" value="52.0"/>
    <property name="sun.management.compiler" value="HotSpot 64-Bit Tiered Compilers"/>
    <property name="os.version" value="10.14.2"/>
    <property name="library.jansi.path" value="/usr/local/Cellar/maven/3.6.0/libexec/lib/jansi-native"/>
    <property name="http.nonProxyHosts" value="local|*.local|169.254/16|*.169.254/16"/>
    <property name="user.home" value="/Users/villiburduza"/>
    <property name="user.timezone" value="Europe/Kiev"/>
    <property name="java.awt.printerjob" value="sun.lwawt.macosx.CPrinterJob"/>
    <property name="java.specification.version" value="1.8"/>
    <property name="file.encoding" value="UTF-8"/>
    <property name="user.name" value="villiburduza"/>
    <property name="java.class.path" value="/usr/local/Cellar/maven/3.6.0/libexec/boot/plexus-classworlds-2.5.2.jar"/>
    <property name="java.vm.specification.version" value="1.8"/>
    <property name="sun.arch.data.model" value="64"/>
    <property name="java.home" value="/Library/Java/JavaVirtualMachines/jdk1.8.0_191.jdk/Contents/Home/jre"/>
    <property name="sun.java.command" value="org.codehaus.plexus.classworlds.launcher.Launcher clean test"/>
    <property name="java.specification.vendor" value="Oracle Corporation"/>
    <property name="user.language" value="en"/>
    <property name="awt.toolkit" value="sun.lwawt.macosx.LWCToolkit"/>
    <property name="java.vm.info" value="mixed mode"/>
    <property name="java.version" value="1.8.0_191"/>
    <property name="java.ext.dirs" value="/Users/villiburduza/Library/Java/Extensions:/Library/Java/JavaVirtualMachines/jdk1.8.0_191.jdk/Contents/Home/jre/lib/ext:/Library/Java/Extensions:/Network/Library/Java/Extensions:/System/Library/Java/Extensions:/usr/lib/java"/>
    <property name="sun.boot.class.path" value="/Library/Java/JavaVirtualMachines/jdk1.8.0_191.jdk/Contents/Home/jre/lib/resources.jar:/Library/Java/JavaVirtualMachines/jdk1.8.0_191.jdk/Contents/Home/jre/lib/rt.jar:/Library/Java/JavaVirtualMachines/jdk1.8.0_191.jdk/Contents/Home/jre/lib/sunrsasign.jar:/Library/Java/JavaVirtualMachines/jdk1.8.0_191.jdk/Contents/Home/jre/lib/jsse.jar:/Library/Java/JavaVirtualMachines/jdk1.8.0_191.jdk/Contents/Home/jre/lib/jce.jar:/Library/Java/JavaVirtualMachines/jdk1.8.0_191.jdk/Contents/Home/jre/lib/charsets.jar:/Library/Java/JavaVirtualMachines/jdk1.8.0_191.jdk/Contents/Home/jre/lib/jfr.jar:/Library/Java/JavaVirtualMachines/jdk1.8.0_191.jdk/Contents/Home/jre/classes"/>
    <property name="java.vendor" value="Oracle Corporation"/>
    <property name="maven.home" value="/usr/local/Cellar/maven/3.6.0/libexec"/>
    <property name="file.separator" value="/"/>
    <property name="java.vendor.url.bug" value="http://bugreport.sun.com/bugreport/"/>
    <property name="sun.cpu.endian" value="little"/>
    <property name="sun.io.unicode.encoding" value="UnicodeBig"/>
    <property name="socksNonProxyHosts" value="local|*.local|169.254/16|*.169.254/16"/>
    <property name="ftp.nonProxyHosts" value="local|*.local|169.254/16|*.169.254/16"/>
    <property name="sun.cpu.isalist" value=""/>
  </properties>
  <testcase classname="Translate payload for Juniper translation service (all platforms)(Translate payload for Juniper (all platforms))" name="Translate payload for Juniper translation service (all platforms)(Translate payload for Juniper " time="0.754"/>
  <testcase classname="Translate save-rescue-configs for Juniper deciphering service (all platforms)(Translate payload for Juniper (all platforms))" name="Translate save-rescue-configs for Juniper deciphering service (all platforms)(Translate payload for Juniper " time="0.223">
    <failure message="response.telemetry-system.destination-groups.destination-group[group-id=0].destinations.destination[]: Expected 3 values but got 2 ; response.telemetry-system.sensor-groups.sensor-group[]: Expected 48 values but got 32 ; response.telemetry-system.subscriptions.persistent.subscription[subscription-name=SubSNP].destination-groups.destination-group[]: Expected 3 values but got 2 ; response.telemetry-system.subscriptions.persistent.subscription[subscription-name=SubSNP].sensor-profiles.sensor-profile[]: Expected 48 values but got 32" type="java.lang.AssertionError">java.lang.AssertionError: response.telemetry-system.destination-groups.destination-group[group-id=0].destinations.destination[]: Expected 3 values but got 2 ; response.telemetry-system.sensor-groups.sensor-group[]: Expected 48 values but got 32 ; response.telemetry-system.subscriptions.persistent.subscription[subscription-name=SubSNP].destination-groups.destination-group[]: Expected 3 values but got 2 ; response.telemetry-system.subscriptions.persistent.subscription[subscription-name=SubSNP].sensor-profiles.sensor-profile[]: Expected 48 values but got 32
	at org.skyscreamer.jsonassert.JSONAssert.assertEquals(JSONAssert.java:417)
	at org.skyscreamer.jsonassert.JSONAssert.assertEquals(JSONAssert.java:394)
	at org.skyscreamer.jsonassert.JSONAssert.assertEquals(JSONAssert.java:336)
	at Glue.PNP_24130Glue.lambda$new$3(PNP_24130Glue.java:74)
	at ✽.I get back dResp and HTTP 200 from deciphering service !(src/test/resources/Features/PNP-24130.feature:17)
</failure>
    <system-out>
  Scenario Outline: Translate save-rescue-configs for Juniper deciphering service (all platforms) &amp;#27;[90m# src/test/resources/Features/PNP-24130.feature:14&amp;#27;[0m
    &amp;#27;[36mWhen I post &lt;payload&gt; to deciphering service !&amp;#27;[0m
    &amp;#27;[36mThen I get back &lt;response&gt; and HTTP &lt;code&gt; from deciphering service !&amp;#27;[0m

    Examples: 

  @PNP @PNP_26237
  Scenario Outline: Translate save-rescue-configs for Juniper deciphering service (all platforms) &amp;#27;[90m# src/test/resources/Features/PNP-24130.feature:21&amp;#27;[0m
    &amp;#27;[32mWhen &amp;#27;[0m&amp;#27;[32mI post &amp;#27;[0m&amp;#27;[32m&amp;#27;[1mcommands&amp;#27;[0m&amp;#27;[32m to deciphering service !&amp;#27;[0m                                                 &amp;#27;[90m# PNP_24130Glue.java:50&amp;#27;[0m
    &amp;#27;[31mThen &amp;#27;[0m&amp;#27;[31mI get back &amp;#27;[0m&amp;#27;[31m&amp;#27;[1mdResp&amp;#27;[0m&amp;#27;[31m and HTTP &amp;#27;[0m&amp;#27;[31m&amp;#27;[1m200&amp;#27;[0m&amp;#27;[31m from deciphering service !&amp;#27;[0m                                 &amp;#27;[90m# PNP_24130Glue.java:67&amp;#27;[0m
      &amp;#27;[31mjava.lang.AssertionError: response.telemetry-system.destination-groups.destination-group[group-id=0].destinations.destination[]: Expected 3 values but got 2 ; response.telemetry-system.sensor-groups.sensor-group[]: Expected 48 values but got 32 ; response.telemetry-system.subscriptions.persistent.subscription[subscription-name=SubSNP].destination-groups.destination-group[]: Expected 3 values but got 2 ; response.telemetry-system.subscriptions.persistent.subscription[subscription-name=SubSNP].sensor-profiles.sensor-profile[]: Expected 48 values but got 32
	at org.skyscreamer.jsonassert.JSONAssert.assertEquals(JSONAssert.java:417)
	at org.skyscreamer.jsonassert.JSONAssert.assertEquals(JSONAssert.java:394)
	at org.skyscreamer.jsonassert.JSONAssert.assertEquals(JSONAssert.java:336)
	at Glue.PNP_24130Glue.lambda$new$3(PNP_24130Glue.java:74)
	at ✽.I get back dResp and HTTP 200 from deciphering service !(src/test/resources/Features/PNP-24130.feature:17)
&amp;#27;[0m
</system-out>
  </testcase>
  <testcase classname="Translate save-rescue-configs for Juniper translation service (all platforms)(Translate save-rescue-configs for Juniper (all platforms))" name="Translate save-rescue-configs for Juniper translation service (all platforms)(Translate save-rescue-configs for Juniper " time="0.035">
    <error message="Connection reset" type="java.net.SocketException">java.net.SocketException: Connection reset
	at java.net.SocketInputStream.read(SocketInputStream.java:210)
	at java.net.SocketInputStream.read(SocketInputStream.java:141)
	at org.apache.http.impl.conn.LoggingInputStream.read(LoggingInputStream.java:84)
	at org.apache.http.impl.io.SessionInputBufferImpl.streamRead(SessionInputBufferImpl.java:137)
	at org.apache.http.impl.io.SessionInputBufferImpl.fillBuffer(SessionInputBufferImpl.java:153)
	at org.apache.http.impl.io.SessionInputBufferImpl.readLine(SessionInputBufferImpl.java:282)
	at org.apache.http.impl.conn.DefaultHttpResponseParser.parseHead(DefaultHttpResponseParser.java:138)
	at org.apache.http.impl.conn.DefaultHttpResponseParser.parseHead(DefaultHttpResponseParser.java:56)
	at org.apache.http.impl.io.AbstractMessageParser.parse(AbstractMessageParser.java:259)
	at org.apache.http.impl.DefaultBHttpClientConnection.receiveResponseHeader(DefaultBHttpClientConnection.java:163)
	at org.apache.http.impl.conn.CPoolProxy.receiveResponseHeader(CPoolProxy.java:165)
	at org.apache.http.protocol.HttpRequestExecutor.doReceiveResponse(HttpRequestExecutor.java:273)
	at org.apache.http.protocol.HttpRequestExecutor.execute(HttpRequestExecutor.java:125)
	at org.apache.http.impl.execchain.MainClientExec.execute(MainClientExec.java:272)
	at org.apache.http.impl.execchain.ProtocolExec.execute(ProtocolExec.java:185)
	at org.apache.http.impl.execchain.RetryExec.execute(RetryExec.java:89)
	at org.apache.http.impl.execchain.RedirectExec.execute(RedirectExec.java:111)
	at org.apache.http.impl.client.InternalHttpClient.doExecute(InternalHttpClient.java:185)
	at org.apache.http.impl.client.CloseableHttpClient.execute(CloseableHttpClient.java:83)
	at org.apache.http.impl.client.CloseableHttpClient.execute(CloseableHttpClient.java:56)
	at org.apache.http.client.fluent.Request.internalExecute(Request.java:173)
	at org.apache.http.client.fluent.Request.execute(Request.java:177)
	at Glue.PNP_26237Glue.lambda$new$0(PNP_26237Glue.java:50)
	at ✽.I post save-rescue-config-t to translation service(src/test/resources/Features/PNP-26237.feature:6)
</error>
    <system-out>
@PNP_26237 @PNP
Feature: Translate save-rescue-configs for Juniper (all platforms)

  Scenario Outline: Translate save-rescue-configs for Juniper translation service (all platforms) &amp;#27;[90m# src/test/resources/Features/PNP-26237.feature:4&amp;#27;[0m
    &amp;#27;[36mWhen I post &lt;payload&gt; to translation service&amp;#27;[0m
    &amp;#27;[36mThen I get back &lt;response&gt; and HTTP &lt;code&gt; from translation service&amp;#27;[0m

    Examples: 

  @PNP_26237 @PNP
  Scenario Outline: Translate save-rescue-configs for Juniper translation service (all platforms) &amp;#27;[90m# src/test/resources/Features/PNP-26237.feature:11&amp;#27;[0m
    &amp;#27;[31mWhen &amp;#27;[0m&amp;#27;[31mI post &amp;#27;[0m&amp;#27;[31m&amp;#27;[1msave-rescue-config-t&amp;#27;[0m&amp;#27;[31m to translation service&amp;#27;[0m                                       &amp;#27;[90m# PNP_26237Glue.java:47&amp;#27;[0m
      &amp;#27;[31mjava.net.SocketException: Connection reset
	at java.net.SocketInputStream.read(SocketInputStream.java:210)
	at java.net.SocketInputStream.read(SocketInputStream.java:141)
	at org.apache.http.impl.conn.LoggingInputStream.read(LoggingInputStream.java:84)
	at org.apache.http.impl.io.SessionInputBufferImpl.streamRead(SessionInputBufferImpl.java:137)
	at org.apache.http.impl.io.SessionInputBufferImpl.fillBuffer(SessionInputBufferImpl.java:153)
	at org.apache.http.impl.io.SessionInputBufferImpl.readLine(SessionInputBufferImpl.java:282)
	at org.apache.http.impl.conn.DefaultHttpResponseParser.parseHead(DefaultHttpResponseParser.java:138)
	at org.apache.http.impl.conn.DefaultHttpResponseParser.parseHead(DefaultHttpResponseParser.java:56)
	at org.apache.http.impl.io.AbstractMessageParser.parse(AbstractMessageParser.java:259)
	at org.apache.http.impl.DefaultBHttpClientConnection.receiveResponseHeader(DefaultBHttpClientConnection.java:163)
	at org.apache.http.impl.conn.CPoolProxy.receiveResponseHeader(CPoolProxy.java:165)
	at org.apache.http.protocol.HttpRequestExecutor.doReceiveResponse(HttpRequestExecutor.java:273)
	at org.apache.http.protocol.HttpRequestExecutor.execute(HttpRequestExecutor.java:125)
	at org.apache.http.impl.execchain.MainClientExec.execute(MainClientExec.java:272)
	at org.apache.http.impl.execchain.ProtocolExec.execute(ProtocolExec.java:185)
	at org.apache.http.impl.execchain.RetryExec.execute(RetryExec.java:89)
	at org.apache.http.impl.execchain.RedirectExec.execute(RedirectExec.java:111)
	at org.apache.http.impl.client.InternalHttpClient.doExecute(InternalHttpClient.java:185)
	at org.apache.http.impl.client.CloseableHttpClient.execute(CloseableHttpClient.java:83)
	at org.apache.http.impl.client.CloseableHttpClient.execute(CloseableHttpClient.java:56)
	at org.apache.http.client.fluent.Request.internalExecute(Request.java:173)
	at org.apache.http.client.fluent.Request.execute(Request.java:177)
	at Glue.PNP_26237Glue.lambda$new$0(PNP_26237Glue.java:50)
	at ✽.I post save-rescue-config-t to translation service(src/test/resources/Features/PNP-26237.feature:6)
&amp;#27;[0m
    &amp;#27;[36mThen &amp;#27;[0m&amp;#27;[36mI get back &amp;#27;[0m&amp;#27;[36m&amp;#27;[1mtResp&amp;#27;[0m&amp;#27;[36m and HTTP &amp;#27;[0m&amp;#27;[36m&amp;#27;[1m200&amp;#27;[0m&amp;#27;[36m from translation service&amp;#27;[0m                                   &amp;#27;[90m# PNP_26237Glue.java:58&amp;#27;[0m
</system-out>
  </testcase>
  <testcase classname="Translate save-rescue-configs for Juniper deciphering service (all platforms)(Translate save-rescue-configs for Juniper (all platforms))" name="Translate save-rescue-configs for Juniper deciphering service (all platforms)(Translate save-rescue-configs for Juniper " time="0.156"/>
  <testcase classname="Translate save-rescue-configs for Juniper deciphering service (all platforms)(Translate save-rescue-configs for Juniper (all platforms))" name="Translate save-rescue-configs for Juniper deciphering service (all platforms)(Translate save-rescue-configs for Juniper " time="0.042"/>
</testsuite>